\BOOKMARK [1][-]{section*.1}{Acknowledgments}{}% 1
\BOOKMARK [1][-]{section*.2}{Resumo}{}% 2
\BOOKMARK [1][-]{section*.3}{Abstract}{}% 3
\BOOKMARK [1][-]{chapter*.5}{List of Tables}{}% 4
\BOOKMARK [1][-]{chapter*.6}{List of Figures}{}% 5
\BOOKMARK [1][-]{chapter*.7}{Nomenclature}{}% 6
\BOOKMARK [1][-]{table.0.1}{Glossary}{}% 7
\BOOKMARK [0][-]{chapter.1}{1 Introduction}{}% 8
\BOOKMARK [1][-]{section.1.1}{1.1 Motivation}{chapter.1}% 9
\BOOKMARK [1][-]{section.1.2}{1.2 State-of-the-art}{chapter.1}% 10
\BOOKMARK [2][-]{subsection.1.2.1}{1.2.1 Tables}{section.1.2}% 11
\BOOKMARK [2][-]{subsection.1.2.2}{1.2.2 Drawings}{section.1.2}% 12
\BOOKMARK [0][-]{chapter.2}{2 Results}{}% 13
\BOOKMARK [1][-]{section.2.1}{2.1 Figures}{chapter.2}% 14
\BOOKMARK [1][-]{section.2.2}{2.2 Equations}{chapter.2}% 15
\BOOKMARK [0][-]{chapter.3}{3 Conclusions}{}% 16
\BOOKMARK [1][-]{section.3.1}{3.1 Achievements}{chapter.3}% 17
\BOOKMARK [1][-]{section.3.2}{3.2 Future Work}{chapter.3}% 18
\BOOKMARK [0][-]{chapter*.9}{Bibliography}{}% 19
\BOOKMARK [0][-]{appendix.A}{A Vector calculus}{}% 20
\BOOKMARK [1][-]{section.A.1}{A.1 Vector identities}{appendix.A}% 21
