This is pdfTeX, Version 3.1415926-2.5-1.40.14 (TeX Live 2013/Debian) (format=pdflatex 2014.9.9)  20 AUG 2015 15:59
entering extended mode
 \write18 enabled.
 %&-line parsing enabled.
**Thesis
(./Thesis.tex
LaTeX2e <2011/06/27>
Babel <3.9h> and hyphenation patterns for 3 languages loaded.
(/usr/share/texlive/texmf-dist/tex/latex/base/report.cls
Document Class: report 2007/10/19 v1.4h Standard LaTeX document class
(/usr/share/texlive/texmf-dist/tex/latex/base/size10.clo
File: size10.clo 2007/10/19 v1.4h Standard LaTeX file (size option)
)
\c@part=\count79
\c@chapter=\count80
\c@section=\count81
\c@subsection=\count82
\c@subsubsection=\count83
\c@paragraph=\count84
\c@subparagraph=\count85
\c@figure=\count86
\c@table=\count87
\abovecaptionskip=\skip41
\belowcaptionskip=\skip42
\bibindent=\dimen102
)
(./Thesis_Preamble.tex
(/usr/share/texlive/texmf-dist/tex/latex/base/inputenc.sty
Package: inputenc 2008/03/30 v1.1d Input encoding file
\inpenc@prehook=\toks14
\inpenc@posthook=\toks15

(/usr/share/texlive/texmf-dist/tex/latex/base/utf8.def
File: utf8.def 2008/04/05 v1.1m UTF-8 support for inputenc
Now handling font encoding OML ...
... no UTF-8 mapping file for font encoding OML
Now handling font encoding T1 ...
... processing UTF-8 mapping file for font encoding T1

(/usr/share/texlive/texmf-dist/tex/latex/base/t1enc.dfu
File: t1enc.dfu 2008/04/05 v1.1m UTF-8 support for inputenc
   defining Unicode char U+00A1 (decimal 161)
   defining Unicode char U+00A3 (decimal 163)
   defining Unicode char U+00AB (decimal 171)
   defining Unicode char U+00BB (decimal 187)
   defining Unicode char U+00BF (decimal 191)
   defining Unicode char U+00C0 (decimal 192)
   defining Unicode char U+00C1 (decimal 193)
   defining Unicode char U+00C2 (decimal 194)
   defining Unicode char U+00C3 (decimal 195)
   defining Unicode char U+00C4 (decimal 196)
   defining Unicode char U+00C5 (decimal 197)
   defining Unicode char U+00C6 (decimal 198)
   defining Unicode char U+00C7 (decimal 199)
   defining Unicode char U+00C8 (decimal 200)
   defining Unicode char U+00C9 (decimal 201)
   defining Unicode char U+00CA (decimal 202)
   defining Unicode char U+00CB (decimal 203)
   defining Unicode char U+00CC (decimal 204)
   defining Unicode char U+00CD (decimal 205)
   defining Unicode char U+00CE (decimal 206)
   defining Unicode char U+00CF (decimal 207)
   defining Unicode char U+00D0 (decimal 208)
   defining Unicode char U+00D1 (decimal 209)
   defining Unicode char U+00D2 (decimal 210)
   defining Unicode char U+00D3 (decimal 211)
   defining Unicode char U+00D4 (decimal 212)
   defining Unicode char U+00D5 (decimal 213)
   defining Unicode char U+00D6 (decimal 214)
   defining Unicode char U+00D8 (decimal 216)
   defining Unicode char U+00D9 (decimal 217)
   defining Unicode char U+00DA (decimal 218)
   defining Unicode char U+00DB (decimal 219)
   defining Unicode char U+00DC (decimal 220)
   defining Unicode char U+00DD (decimal 221)
   defining Unicode char U+00DE (decimal 222)
   defining Unicode char U+00DF (decimal 223)
   defining Unicode char U+00E0 (decimal 224)
   defining Unicode char U+00E1 (decimal 225)
   defining Unicode char U+00E2 (decimal 226)
   defining Unicode char U+00E3 (decimal 227)
   defining Unicode char U+00E4 (decimal 228)
   defining Unicode char U+00E5 (decimal 229)
   defining Unicode char U+00E6 (decimal 230)
   defining Unicode char U+00E7 (decimal 231)
   defining Unicode char U+00E8 (decimal 232)
   defining Unicode char U+00E9 (decimal 233)
   defining Unicode char U+00EA (decimal 234)
   defining Unicode char U+00EB (decimal 235)
   defining Unicode char U+00EC (decimal 236)
   defining Unicode char U+00ED (decimal 237)
   defining Unicode char U+00EE (decimal 238)
   defining Unicode char U+00EF (decimal 239)
   defining Unicode char U+00F0 (decimal 240)
   defining Unicode char U+00F1 (decimal 241)
   defining Unicode char U+00F2 (decimal 242)
   defining Unicode char U+00F3 (decimal 243)
   defining Unicode char U+00F4 (decimal 244)
   defining Unicode char U+00F5 (decimal 245)
   defining Unicode char U+00F6 (decimal 246)
   defining Unicode char U+00F8 (decimal 248)
   defining Unicode char U+00F9 (decimal 249)
   defining Unicode char U+00FA (decimal 250)
   defining Unicode char U+00FB (decimal 251)
   defining Unicode char U+00FC (decimal 252)
   defining Unicode char U+00FD (decimal 253)
   defining Unicode char U+00FE (decimal 254)
   defining Unicode char U+00FF (decimal 255)
   defining Unicode char U+0102 (decimal 258)
   defining Unicode char U+0103 (decimal 259)
   defining Unicode char U+0104 (decimal 260)
   defining Unicode char U+0105 (decimal 261)
   defining Unicode char U+0106 (decimal 262)
   defining Unicode char U+0107 (decimal 263)
   defining Unicode char U+010C (decimal 268)
   defining Unicode char U+010D (decimal 269)
   defining Unicode char U+010E (decimal 270)
   defining Unicode char U+010F (decimal 271)
   defining Unicode char U+0110 (decimal 272)
   defining Unicode char U+0111 (decimal 273)
   defining Unicode char U+0118 (decimal 280)
   defining Unicode char U+0119 (decimal 281)
   defining Unicode char U+011A (decimal 282)
   defining Unicode char U+011B (decimal 283)
   defining Unicode char U+011E (decimal 286)
   defining Unicode char U+011F (decimal 287)
   defining Unicode char U+0130 (decimal 304)
   defining Unicode char U+0131 (decimal 305)
   defining Unicode char U+0132 (decimal 306)
   defining Unicode char U+0133 (decimal 307)
   defining Unicode char U+0139 (decimal 313)
   defining Unicode char U+013A (decimal 314)
   defining Unicode char U+013D (decimal 317)
   defining Unicode char U+013E (decimal 318)
   defining Unicode char U+0141 (decimal 321)
   defining Unicode char U+0142 (decimal 322)
   defining Unicode char U+0143 (decimal 323)
   defining Unicode char U+0144 (decimal 324)
   defining Unicode char U+0147 (decimal 327)
   defining Unicode char U+0148 (decimal 328)
   defining Unicode char U+014A (decimal 330)
   defining Unicode char U+014B (decimal 331)
   defining Unicode char U+0150 (decimal 336)
   defining Unicode char U+0151 (decimal 337)
   defining Unicode char U+0152 (decimal 338)
   defining Unicode char U+0153 (decimal 339)
   defining Unicode char U+0154 (decimal 340)
   defining Unicode char U+0155 (decimal 341)
   defining Unicode char U+0158 (decimal 344)
   defining Unicode char U+0159 (decimal 345)
   defining Unicode char U+015A (decimal 346)
   defining Unicode char U+015B (decimal 347)
   defining Unicode char U+015E (decimal 350)
   defining Unicode char U+015F (decimal 351)
   defining Unicode char U+0160 (decimal 352)
   defining Unicode char U+0161 (decimal 353)
   defining Unicode char U+0162 (decimal 354)
   defining Unicode char U+0163 (decimal 355)
   defining Unicode char U+0164 (decimal 356)
   defining Unicode char U+0165 (decimal 357)
   defining Unicode char U+016E (decimal 366)
   defining Unicode char U+016F (decimal 367)
   defining Unicode char U+0170 (decimal 368)
   defining Unicode char U+0171 (decimal 369)
   defining Unicode char U+0178 (decimal 376)
   defining Unicode char U+0179 (decimal 377)
   defining Unicode char U+017A (decimal 378)
   defining Unicode char U+017B (decimal 379)
   defining Unicode char U+017C (decimal 380)
   defining Unicode char U+017D (decimal 381)
   defining Unicode char U+017E (decimal 382)
   defining Unicode char U+200C (decimal 8204)
   defining Unicode char U+2013 (decimal 8211)
   defining Unicode char U+2014 (decimal 8212)
   defining Unicode char U+2018 (decimal 8216)
   defining Unicode char U+2019 (decimal 8217)
   defining Unicode char U+201A (decimal 8218)
   defining Unicode char U+201C (decimal 8220)
   defining Unicode char U+201D (decimal 8221)
   defining Unicode char U+201E (decimal 8222)
   defining Unicode char U+2030 (decimal 8240)
   defining Unicode char U+2031 (decimal 8241)
   defining Unicode char U+2039 (decimal 8249)
   defining Unicode char U+203A (decimal 8250)
   defining Unicode char U+2423 (decimal 9251)
)
Now handling font encoding OT1 ...
... processing UTF-8 mapping file for font encoding OT1

(/usr/share/texlive/texmf-dist/tex/latex/base/ot1enc.dfu
File: ot1enc.dfu 2008/04/05 v1.1m UTF-8 support for inputenc
   defining Unicode char U+00A1 (decimal 161)
   defining Unicode char U+00A3 (decimal 163)
   defining Unicode char U+00B8 (decimal 184)
   defining Unicode char U+00BF (decimal 191)
   defining Unicode char U+00C5 (decimal 197)
   defining Unicode char U+00C6 (decimal 198)
   defining Unicode char U+00D8 (decimal 216)
   defining Unicode char U+00DF (decimal 223)
   defining Unicode char U+00E6 (decimal 230)
   defining Unicode char U+00EC (decimal 236)
   defining Unicode char U+00ED (decimal 237)
   defining Unicode char U+00EE (decimal 238)
   defining Unicode char U+00EF (decimal 239)
   defining Unicode char U+00F8 (decimal 248)
   defining Unicode char U+0131 (decimal 305)
   defining Unicode char U+0141 (decimal 321)
   defining Unicode char U+0142 (decimal 322)
   defining Unicode char U+0152 (decimal 338)
   defining Unicode char U+0153 (decimal 339)
   defining Unicode char U+2013 (decimal 8211)
   defining Unicode char U+2014 (decimal 8212)
   defining Unicode char U+2018 (decimal 8216)
   defining Unicode char U+2019 (decimal 8217)
   defining Unicode char U+201C (decimal 8220)
   defining Unicode char U+201D (decimal 8221)
)
Now handling font encoding OMS ...
... processing UTF-8 mapping file for font encoding OMS

(/usr/share/texlive/texmf-dist/tex/latex/base/omsenc.dfu
File: omsenc.dfu 2008/04/05 v1.1m UTF-8 support for inputenc
   defining Unicode char U+00A7 (decimal 167)
   defining Unicode char U+00B6 (decimal 182)
   defining Unicode char U+00B7 (decimal 183)
   defining Unicode char U+2020 (decimal 8224)
   defining Unicode char U+2021 (decimal 8225)
   defining Unicode char U+2022 (decimal 8226)
)
Now handling font encoding OMX ...
... no UTF-8 mapping file for font encoding OMX
Now handling font encoding U ...
... no UTF-8 mapping file for font encoding U
   defining Unicode char U+00A9 (decimal 169)
   defining Unicode char U+00AA (decimal 170)
   defining Unicode char U+00AE (decimal 174)
   defining Unicode char U+00BA (decimal 186)
   defining Unicode char U+02C6 (decimal 710)
   defining Unicode char U+02DC (decimal 732)
   defining Unicode char U+200C (decimal 8204)
   defining Unicode char U+2026 (decimal 8230)
   defining Unicode char U+2122 (decimal 8482)
   defining Unicode char U+2423 (decimal 9251)
))
(/usr/share/texlive/texmf-dist/tex/generic/babel/babel.sty
Package: babel 2013/12/03 3.9h The Babel package

(/usr/share/texlive/texmf-dist/tex/generic/babel-english/english.ldf
Language: english 2012/08/20 v3.3p English support from the babel system

(/usr/share/texlive/texmf-dist/tex/generic/babel/babel.def
File: babel.def 2013/12/03 3.9h Babel common definitions
\babel@savecnt=\count88
\U@D=\dimen103
)
\l@british = a dialect from \language\l@english 
\l@UKenglish = a dialect from \language\l@english 
\l@canadian = a dialect from \language\l@american 
\l@australian = a dialect from \language\l@british 
\l@newzealand = a dialect from \language\l@british 
))
(/usr/share/texlive/texmf-dist/tex/latex/geometry/geometry.sty
Package: geometry 2010/09/12 v5.6 Page Geometry

(/usr/share/texlive/texmf-dist/tex/latex/graphics/keyval.sty
Package: keyval 1999/03/16 v1.13 key=value parser (DPC)
\KV@toks@=\toks16
)
(/usr/share/texlive/texmf-dist/tex/generic/oberdiek/ifpdf.sty
Package: ifpdf 2011/01/30 v2.3 Provides the ifpdf switch (HO)
Package ifpdf Info: pdfTeX in PDF mode is detected.
)
(/usr/share/texlive/texmf-dist/tex/generic/oberdiek/ifvtex.sty
Package: ifvtex 2010/03/01 v1.5 Detect VTeX and its facilities (HO)
Package ifvtex Info: VTeX not detected.
)
(/usr/share/texlive/texmf-dist/tex/generic/ifxetex/ifxetex.sty
Package: ifxetex 2010/09/12 v0.6 Provides ifxetex conditional
)
\Gm@cnth=\count89
\Gm@cntv=\count90
\c@Gm@tempcnt=\count91
\Gm@bindingoffset=\dimen104
\Gm@wd@mp=\dimen105
\Gm@odd@mp=\dimen106
\Gm@even@mp=\dimen107
\Gm@layoutwidth=\dimen108
\Gm@layoutheight=\dimen109
\Gm@layouthoffset=\dimen110
\Gm@layoutvoffset=\dimen111
\Gm@dimlist=\toks17
)
(/usr/share/texlive/texmf-dist/tex/latex/setspace/setspace.sty
Package: setspace 2011/12/19 v6.7a set line spacing
)
(/usr/share/texlive/texmf-dist/tex/latex/graphics/graphicx.sty
Package: graphicx 1999/02/16 v1.0f Enhanced LaTeX Graphics (DPC,SPQR)

(/usr/share/texlive/texmf-dist/tex/latex/graphics/graphics.sty
Package: graphics 2009/02/05 v1.0o Standard LaTeX Graphics (DPC,SPQR)

(/usr/share/texlive/texmf-dist/tex/latex/graphics/trig.sty
Package: trig 1999/03/16 v1.09 sin cos tan (DPC)
)
(/usr/share/texlive/texmf-dist/tex/latex/latexconfig/graphics.cfg
File: graphics.cfg 2010/04/23 v1.9 graphics configuration of TeX Live
)
Package graphics Info: Driver file: pdftex.def on input line 91.

(/usr/share/texlive/texmf-dist/tex/latex/pdftex-def/pdftex.def
File: pdftex.def 2011/05/27 v0.06d Graphics/color for pdfTeX

(/usr/share/texlive/texmf-dist/tex/generic/oberdiek/infwarerr.sty
Package: infwarerr 2010/04/08 v1.3 Providing info/warning/error messages (HO)
)
(/usr/share/texlive/texmf-dist/tex/generic/oberdiek/ltxcmds.sty
Package: ltxcmds 2011/11/09 v1.22 LaTeX kernel commands for general use (HO)
)
\Gread@gobject=\count92
))
\Gin@req@height=\dimen112
\Gin@req@width=\dimen113
)
(/usr/share/texlive/texmf-dist/tex/latex/oberdiek/epstopdf.sty
Package: epstopdf 2010/02/09 v2.5 Conversion with epstopdf on the fly (HO)

(/usr/share/texlive/texmf-dist/tex/latex/oberdiek/epstopdf-base.sty
Package: epstopdf-base 2010/02/09 v2.5 Base part for package epstopdf

(/usr/share/texlive/texmf-dist/tex/latex/oberdiek/grfext.sty
Package: grfext 2010/08/19 v1.1 Manage graphics extensions (HO)

(/usr/share/texlive/texmf-dist/tex/generic/oberdiek/kvdefinekeys.sty
Package: kvdefinekeys 2011/04/07 v1.3 Define keys (HO)
))
(/usr/share/texlive/texmf-dist/tex/latex/oberdiek/kvoptions.sty
Package: kvoptions 2011/06/30 v3.11 Key value format for package options (HO)

(/usr/share/texlive/texmf-dist/tex/generic/oberdiek/kvsetkeys.sty
Package: kvsetkeys 2012/04/25 v1.16 Key value parser (HO)

(/usr/share/texlive/texmf-dist/tex/generic/oberdiek/etexcmds.sty
Package: etexcmds 2011/02/16 v1.5 Avoid name clashes with e-TeX commands (HO)

(/usr/share/texlive/texmf-dist/tex/generic/oberdiek/ifluatex.sty
Package: ifluatex 2010/03/01 v1.3 Provides the ifluatex switch (HO)
Package ifluatex Info: LuaTeX not detected.
)
Package etexcmds Info: Could not find \expanded.
(etexcmds)             That can mean that you are not using pdfTeX 1.50 or
(etexcmds)             that some package has redefined \expanded.
(etexcmds)             In the latter case, load this package earlier.
)))
(/usr/share/texlive/texmf-dist/tex/generic/oberdiek/pdftexcmds.sty
Package: pdftexcmds 2011/11/29 v0.20 Utility functions of pdfTeX for LuaTeX (HO
)
Package pdftexcmds Info: LuaTeX not detected.
Package pdftexcmds Info: \pdf@primitive is available.
Package pdftexcmds Info: \pdf@ifprimitive is available.
Package pdftexcmds Info: \pdfdraftmode found.
)
Package grfext Info: Graphics extension search list:
(grfext)             [.png,.pdf,.jpg,.mps,.jpeg,.jbig2,.jb2,.PNG,.PDF,.JPG,.JPE
G,.JBIG2,.JB2,.eps]
(grfext)             \AppendGraphicsExtensions on input line 452.

(/usr/share/texlive/texmf-dist/tex/latex/latexconfig/epstopdf-sys.cfg
File: epstopdf-sys.cfg 2010/07/13 v1.3 Configuration of (r)epstopdf for TeX Liv
e
)))
(/usr/share/texlive/texmf-dist/tex/latex/amsmath/amsmath.sty
Package: amsmath 2013/01/14 v2.14 AMS math features
\@mathmargin=\skip43

For additional information on amsmath, use the `?' option.
(/usr/share/texlive/texmf-dist/tex/latex/amsmath/amstext.sty
Package: amstext 2000/06/29 v2.01

(/usr/share/texlive/texmf-dist/tex/latex/amsmath/amsgen.sty
File: amsgen.sty 1999/11/30 v2.0
\@emptytoks=\toks18
\ex@=\dimen114
))
(/usr/share/texlive/texmf-dist/tex/latex/amsmath/amsbsy.sty
Package: amsbsy 1999/11/29 v1.2d
\pmbraise@=\dimen115
)
(/usr/share/texlive/texmf-dist/tex/latex/amsmath/amsopn.sty
Package: amsopn 1999/12/14 v2.01 operator names
)
\inf@bad=\count93
LaTeX Info: Redefining \frac on input line 210.
\uproot@=\count94
\leftroot@=\count95
LaTeX Info: Redefining \overline on input line 306.
\classnum@=\count96
\DOTSCASE@=\count97
LaTeX Info: Redefining \ldots on input line 378.
LaTeX Info: Redefining \dots on input line 381.
LaTeX Info: Redefining \cdots on input line 466.
\Mathstrutbox@=\box26
\strutbox@=\box27
\big@size=\dimen116
LaTeX Font Info:    Redeclaring font encoding OML on input line 566.
LaTeX Font Info:    Redeclaring font encoding OMS on input line 567.
\macc@depth=\count98
\c@MaxMatrixCols=\count99
\dotsspace@=\muskip10
\c@parentequation=\count100
\dspbrk@lvl=\count101
\tag@help=\toks19
\row@=\count102
\column@=\count103
\maxfields@=\count104
\andhelp@=\toks20
\eqnshift@=\dimen117
\alignsep@=\dimen118
\tagshift@=\dimen119
\tagwidth@=\dimen120
\totwidth@=\dimen121
\lineht@=\dimen122
\@envbody=\toks21
\multlinegap=\skip44
\multlinetaggap=\skip45
\mathdisplay@stack=\toks22
LaTeX Info: Redefining \[ on input line 2665.
LaTeX Info: Redefining \] on input line 2666.
)
(/usr/share/texlive/texmf-dist/tex/latex/amscls/amsthm.sty
Package: amsthm 2004/08/06 v2.20
\thm@style=\toks23
\thm@bodyfont=\toks24
\thm@headfont=\toks25
\thm@notefont=\toks26
\thm@headpunct=\toks27
\thm@preskip=\skip46
\thm@postskip=\skip47
\thm@headsep=\skip48
\dth@everypar=\toks28
)
(/usr/share/texlive/texmf-dist/tex/latex/amsfonts/amsfonts.sty
Package: amsfonts 2013/01/14 v3.01 Basic AMSFonts support
\symAMSa=\mathgroup4
\symAMSb=\mathgroup5
LaTeX Font Info:    Overwriting math alphabet `\mathfrak' in version `bold'
(Font)                  U/euf/m/n --> U/euf/b/n on input line 106.
)
(/usr/share/texlive/texmf-dist/tex/latex/subfigure/subfigure.sty
Package: subfigure 2002/03/15 v2.1.5 subfigure package
\subfigtopskip=\skip49
\subfigcapskip=\skip50
\subfigcaptopadj=\dimen123
\subfigbottomskip=\skip51
\subfigcapmargin=\dimen124
\subfiglabelskip=\skip52
\c@subfigure=\count105
\c@lofdepth=\count106
\c@subtable=\count107
\c@lotdepth=\count108

****************************************
* Local config file subfigure.cfg used *
****************************************
(/usr/share/texlive/texmf-dist/tex/latex/subfigure/subfigure.cfg)
\subfig@top=\skip53
\subfig@bottom=\skip54
)
(/usr/share/texlive/texmf-dist/tex/latex/subfigmat/subfigmat.sty
Package: subfigmat 1999/02/27 v1.0 Subfigure Matrix Package
\sfm@width=\skip55
\sfmcolsep=\skip56
\c@sfm@count=\count109
)
(/usr/share/texlive/texmf-dist/tex/latex/tools/dcolumn.sty
Package: dcolumn 2001/05/28 v1.06 decimal alignment package (DPC)

(/usr/share/texlive/texmf-dist/tex/latex/tools/array.sty
Package: array 2008/09/09 v2.4c Tabular extension package (FMi)
\col@sep=\dimen125
\extrarowheight=\dimen126
\NC@list=\toks29
\extratabsurround=\skip57
\backup@length=\skip58
))
(/usr/share/texlive/texmf-dist/tex/latex/nomencl/nomencl.sty
Package: nomencl 2005/09/22 v4.2 Nomenclature package (LN)
\nomlabelwidth=\dimen127
\nom@tempdim=\dimen128
\nomitemsep=\skip59
)
\@nomenclaturefile=\write3
\openout3 = `Thesis.nlo'.


Writing nomenclature file Thesis.nlo
(/usr/share/texlive/texmf-dist/tex/latex/base/ifthen.sty
Package: ifthen 2001/05/26 v1.1c Standard LaTeX ifthen package (DPC)
) (./glossary.sty
Package: glossary 2006/07/20 2.4 (NLCT)
\gls@cols=\count110

No configuration file glossary.cfg found
(/usr/share/texlive/texmf-dist/tex/latex/tools/longtable.sty
Package: longtable 2004/02/01 v4.11 Multi-page Table package (DPC)
\LTleft=\skip60
\LTright=\skip61
\LTpre=\skip62
\LTpost=\skip63
\LTchunksize=\count111
\LTcapwidth=\dimen129
\LT@head=\box28
\LT@firsthead=\box29
\LT@foot=\box30
\LT@lastfoot=\box31
\LT@cols=\count112
\LT@rows=\count113
\c@LT@tables=\count114
\c@LT@chunks=\count115
\LT@p@ftn=\toks30
)
\descriptionwidth=\skip64
\istfile=\write4
)
\@glossaryfile=\write5
\openout5 = `Thesis.glo'.


Writing glossary file Thesis.glo 
(/usr/share/texlive/texmf-dist/tex/latex/rotating/rotating.sty
Package: rotating 2009/03/28 v2.16a rotated objects in LaTeX
\c@r@tfl@t=\count116
\rotFPtop=\skip65
\rotFPbot=\skip66
\rot@float@box=\box32
\rot@mess@toks=\toks31
)
(/usr/share/texlive/texmf-dist/tex/latex/algorithms/algorithm.sty
Package: algorithm 2009/08/24 v0.1 Document Style `algorithm' - floating enviro
nment

(/usr/share/texlive/texmf-dist/tex/latex/float/float.sty
Package: float 2001/11/08 v1.3d Float enhancements (AL)
\c@float@type=\count117
\float@exts=\toks32
\float@box=\box33
\@float@everytoks=\toks33
\@floatcapt=\box34
)
\@float@every@algorithm=\toks34
\c@algorithm=\count118
)
(/usr/share/texlive/texmf-dist/tex/latex/algorithmicx/algpseudocode.sty
Package: algpseudocode 

(/usr/share/texlive/texmf-dist/tex/latex/algorithmicx/algorithmicx.sty
Package: algorithmicx 2005/04/27 v1.2 Algorithmicx

Document Style algorithmicx 1.2 - a greatly improved `algorithmic' style
\c@ALG@line=\count119
\c@ALG@rem=\count120
\c@ALG@nested=\count121
\ALG@tlm=\skip67
\ALG@thistlm=\skip68
\c@ALG@Lnr=\count122
\c@ALG@blocknr=\count123
\c@ALG@storecount=\count124
\c@ALG@tmpcounter=\count125
\ALG@tmplength=\skip69
)
Document Style - pseudocode environments for use with the `algorithmicx' style
) (/usr/share/texlive/texmf-dist/tex/latex/hyperref/hyperref.sty
Package: hyperref 2012/11/06 v6.83m Hypertext links for LaTeX

(/usr/share/texlive/texmf-dist/tex/generic/oberdiek/hobsub-hyperref.sty
Package: hobsub-hyperref 2012/05/28 v1.13 Bundle oberdiek, subset hyperref (HO)


(/usr/share/texlive/texmf-dist/tex/generic/oberdiek/hobsub-generic.sty
Package: hobsub-generic 2012/05/28 v1.13 Bundle oberdiek, subset generic (HO)
Package: hobsub 2012/05/28 v1.13 Construct package bundles (HO)
Package hobsub Info: Skipping package `infwarerr' (already loaded).
Package hobsub Info: Skipping package `ltxcmds' (already loaded).
Package hobsub Info: Skipping package `ifluatex' (already loaded).
Package hobsub Info: Skipping package `ifvtex' (already loaded).
Package: intcalc 2007/09/27 v1.1 Expandable calculations with integers (HO)
Package hobsub Info: Skipping package `ifpdf' (already loaded).
Package hobsub Info: Skipping package `etexcmds' (already loaded).
Package hobsub Info: Skipping package `kvsetkeys' (already loaded).
Package hobsub Info: Skipping package `kvdefinekeys' (already loaded).
Package hobsub Info: Skipping package `pdftexcmds' (already loaded).
Package: pdfescape 2011/11/25 v1.13 Implements pdfTeX's escape features (HO)
Package: bigintcalc 2012/04/08 v1.3 Expandable calculations on big integers (HO
)
Package: bitset 2011/01/30 v1.1 Handle bit-vector datatype (HO)
Package: uniquecounter 2011/01/30 v1.2 Provide unlimited unique counter (HO)
)
Package hobsub Info: Skipping package `hobsub' (already loaded).
Package: letltxmacro 2010/09/02 v1.4 Let assignment for LaTeX macros (HO)
Package: hopatch 2012/05/28 v1.2 Wrapper for package hooks (HO)
Package: xcolor-patch 2011/01/30 xcolor patch
Package: atveryend 2011/06/30 v1.8 Hooks at the very end of document (HO)
Package atveryend Info: \enddocument detected (standard20110627).
Package: atbegshi 2011/10/05 v1.16 At begin shipout hook (HO)
Package: refcount 2011/10/16 v3.4 Data extraction from label references (HO)
Package: hycolor 2011/01/30 v1.7 Color options for hyperref/bookmark (HO)
)
(/usr/share/texlive/texmf-dist/tex/latex/oberdiek/auxhook.sty
Package: auxhook 2011/03/04 v1.3 Hooks for auxiliary files (HO)
)
\@linkdim=\dimen130
\Hy@linkcounter=\count126
\Hy@pagecounter=\count127

(/usr/share/texlive/texmf-dist/tex/latex/hyperref/pd1enc.def
File: pd1enc.def 2012/11/06 v6.83m Hyperref: PDFDocEncoding definition (HO)
Now handling font encoding PD1 ...
... no UTF-8 mapping file for font encoding PD1
)
\Hy@SavedSpaceFactor=\count128

(/usr/share/texlive/texmf-dist/tex/latex/latexconfig/hyperref.cfg
File: hyperref.cfg 2002/06/06 v1.2 hyperref configuration of TeXLive
)
Package hyperref Info: Hyper figures OFF on input line 4443.
Package hyperref Info: Link nesting OFF on input line 4448.
Package hyperref Info: Hyper index ON on input line 4451.
Package hyperref Info: Plain pages OFF on input line 4458.
Package hyperref Info: Backreferencing OFF on input line 4463.
Package hyperref Info: Implicit mode ON; LaTeX internals redefined.
Package hyperref Info: Bookmarks ON on input line 4688.
\c@Hy@tempcnt=\count129

(/usr/share/texlive/texmf-dist/tex/latex/url/url.sty
\Urlmuskip=\muskip11
Package: url 2013/09/16  ver 3.4  Verb mode for urls, etc.
)
LaTeX Info: Redefining \url on input line 5041.
\XeTeXLinkMargin=\dimen131
\Fld@menulength=\count130
\Field@Width=\dimen132
\Fld@charsize=\dimen133
Package hyperref Info: Hyper figures OFF on input line 6295.
Package hyperref Info: Link nesting OFF on input line 6300.
Package hyperref Info: Hyper index ON on input line 6303.
Package hyperref Info: backreferencing OFF on input line 6310.
Package hyperref Info: Link coloring OFF on input line 6315.
Package hyperref Info: Link coloring with OCG OFF on input line 6320.
Package hyperref Info: PDF/A mode OFF on input line 6325.
LaTeX Info: Redefining \ref on input line 6365.
LaTeX Info: Redefining \pageref on input line 6369.
\Hy@abspage=\count131
\c@Item=\count132
\c@Hfootnote=\count133
)

Package hyperref Message: Driver: hpdftex.

(/usr/share/texlive/texmf-dist/tex/latex/hyperref/hpdftex.def
File: hpdftex.def 2012/11/06 v6.83m Hyperref driver for pdfTeX
\Fld@listcount=\count134
\c@bookmark@seq@number=\count135

(/usr/share/texlive/texmf-dist/tex/latex/oberdiek/rerunfilecheck.sty
Package: rerunfilecheck 2011/04/15 v1.7 Rerun checks for auxiliary files (HO)
Package uniquecounter Info: New unique counter `rerunfilecheck' on input line 2
82.
)
\Hy@SectionHShift=\skip70
)
Package hyperref Info: Option `colorlinks' set `true' on input line 385.


Package hyperref Warning: Option `pagecolor' is not available anymore.


Package hyperref Warning: Option `bookmarks' has already been used,
(hyperref)                setting the option has no effect on input line 385.

Package hyperref Info: Option `bookmarksopen' set `false' on input line 385.
Package hyperref Info: Option `bookmarksnumbered' set `true' on input line 385.

Package hyperref Info: Option `pdfdisplaydoctitle' set `true' on input line 385
.
(/usr/share/texlive/texmf-dist/tex/latex/oberdiek/hypcap.sty
Package: hypcap 2011/02/16 v1.11 Adjusting the anchors of captions (HO)
)
(/usr/share/texlive/texmf-dist/tex/latex/booktabs/booktabs.sty
Package: booktabs 2005/04/14 v1.61803 publication quality tables
\heavyrulewidth=\dimen134
\lightrulewidth=\dimen135
\cmidrulewidth=\dimen136
\belowrulesep=\dimen137
\belowbottomsep=\dimen138
\aboverulesep=\dimen139
\abovetopsep=\dimen140
\cmidrulesep=\dimen141
\cmidrulekern=\dimen142
\defaultaddspace=\dimen143
\@cmidla=\count136
\@cmidlb=\count137
\@aboverulesep=\dimen144
\@belowrulesep=\dimen145
\@thisruleclass=\count138
\@lastruleclass=\count139
\@thisrulewidth=\dimen146
)
(/usr/share/texlive/texmf-dist/tex/latex/natbib/natbib.sty
Package: natbib 2010/09/13 8.31b (PWD, AO)
\bibhang=\skip71
\bibsep=\skip72
LaTeX Info: Redefining \cite on input line 694.
\c@NAT@ctr=\count140
)) (./Thesis.aux)
\openout1 = `Thesis.aux'.

LaTeX Font Info:    Checking defaults for OML/cmm/m/it on input line 70.
LaTeX Font Info:    ... okay on input line 70.
LaTeX Font Info:    Checking defaults for T1/cmr/m/n on input line 70.
LaTeX Font Info:    ... okay on input line 70.
LaTeX Font Info:    Checking defaults for OT1/cmr/m/n on input line 70.
LaTeX Font Info:    ... okay on input line 70.
LaTeX Font Info:    Checking defaults for OMS/cmsy/m/n on input line 70.
LaTeX Font Info:    ... okay on input line 70.
LaTeX Font Info:    Checking defaults for OMX/cmex/m/n on input line 70.
LaTeX Font Info:    ... okay on input line 70.
LaTeX Font Info:    Checking defaults for U/cmr/m/n on input line 70.
LaTeX Font Info:    ... okay on input line 70.
LaTeX Font Info:    Checking defaults for PD1/pdf/m/n on input line 70.
LaTeX Font Info:    ... okay on input line 70.
LaTeX Font Info:    Try loading font information for OT1+phv on input line 70.

(/usr/share/texlive/texmf-dist/tex/latex/psnfss/ot1phv.fd
File: ot1phv.fd 2001/06/04 scalable font definitions for OT1/phv.
)
*geometry* driver: auto-detecting
*geometry* detected driver: pdftex

Package geometry Warning: The marginal notes overrun the paper.
     Add 50.86812pt and more to the right margin.

*geometry* verbose mode - [ preamble ] result:
* driver: pdftex
* paper: a4paper
* layout: <same size as paper>
* layoutoffset:(h,v)=(0.0pt,0.0pt)
* modes: twoside 
* h-part:(L,W,R)=(71.13188pt, 455.24411pt, 71.13188pt)
* v-part:(T,H,B)=(71.13188pt, 702.78308pt, 71.13188pt)
* \paperwidth=597.50787pt
* \paperheight=845.04684pt
* \textwidth=455.24411pt
* \textheight=702.78308pt
* \oddsidemargin=-1.1381pt
* \evensidemargin=-1.1381pt
* \topmargin=-38.1381pt
* \headheight=12.0pt
* \headsep=25.0pt
* \topskip=10.0pt
* \footskip=30.0pt
* \marginparwidth=111.0pt
* \marginparsep=11.0pt
* \columnsep=10.0pt
* \skip\footins=9.0pt plus 4.0pt minus 2.0pt
* \hoffset=0.0pt
* \voffset=0.0pt
* \mag=1000
* \@twocolumnfalse
* \@twosidetrue
* \@mparswitchtrue
* \@reversemarginfalse
* (1in=72.27pt=25.4mm, 1cm=28.453pt)

(/usr/share/texlive/texmf-dist/tex/context/base/supp-pdf.mkii
[Loading MPS to PDF converter (version 2006.09.02).]
\scratchcounter=\count141
\scratchdimen=\dimen147
\scratchbox=\box35
\nofMPsegments=\count142
\nofMParguments=\count143
\everyMPshowfont=\toks35
\MPscratchCnt=\count144
\MPscratchDim=\dimen148
\MPnumerator=\count145
\makeMPintoPDFobject=\count146
\everyMPtoPDFconversion=\toks36
)
\AtBeginShipoutBox=\box36
 (/usr/share/texlive/texmf-dist/tex/latex/graphics/color.sty
Package: color 2005/11/14 v1.0j Standard LaTeX Color (DPC)

(/usr/share/texlive/texmf-dist/tex/latex/latexconfig/color.cfg
File: color.cfg 2007/01/18 v1.5 color configuration of teTeX/TeXLive
)
Package color Info: Driver file: pdftex.def on input line 130.
)
Package hyperref Info: Link coloring ON on input line 70.

(/usr/share/texlive/texmf-dist/tex/latex/hyperref/nameref.sty
Package: nameref 2012/10/27 v2.43 Cross-referencing by name of section

(/usr/share/texlive/texmf-dist/tex/generic/oberdiek/gettitlestring.sty
Package: gettitlestring 2010/12/03 v1.4 Cleanup title references (HO)
)
\c@section@level=\count147
)
LaTeX Info: Redefining \ref on input line 70.
LaTeX Info: Redefining \pageref on input line 70.
LaTeX Info: Redefining \nameref on input line 70.

(./Thesis.out) (./Thesis.out)
\@outlinefile=\write6
\openout6 = `Thesis.out'.

 (./Thesis_FrontCover.tex

Package pdftex.def Warning: Option `bb' does not make sense,
(pdftex.def)                using `viewport' instead on input line 15.

<IST_A_CMYK_POS.pdf, id=200, 845.0471pt x 597.51233pt>
File: IST_A_CMYK_POS.pdf Graphic file (type pdf)

<use IST_A_CMYK_POS.pdf>
Package pdftex.def Info: IST_A_CMYK_POS.pdf used on input line 15.
(pdftex.def)             Requested size: -78.38533pt x -90.76195pt.

<Figures/clustering.jpg, id=201, 274.02374pt x 159.59625pt>
File: Figures/clustering.jpg Graphic file (type jpg)

<use Figures/clustering.jpg>
Package pdftex.def Info: Figures/clustering.jpg used on input line 22.
(pdftex.def)             Requested size: 244.26503pt x 142.26378pt.
LaTeX Font Info:    Try loading font information for T1+phv on input line 26.

(/usr/share/texlive/texmf-dist/tex/latex/psnfss/t1phv.fd
File: t1phv.fd 2001/06/04 scalable font definitions for T1/phv.
)
LaTeX Font Info:    Try loading font information for U+msa on input line 42.

(/usr/share/texlive/texmf-dist/tex/latex/amsfonts/umsa.fd
File: umsa.fd 2013/01/14 v3.01 AMS symbols A
)
LaTeX Font Info:    Try loading font information for U+msb on input line 42.

(/usr/share/texlive/texmf-dist/tex/latex/amsfonts/umsb.fd
File: umsb.fd 2013/01/14 v3.01 AMS symbols B
)
Underfull \vbox (badness 10000) has occurred while \output is active []

 [1

\openout4 = `Thesis.ist'.

{/var/lib/texmf/fonts/map/pdftex/updmap/pdftex.map} <./IST_A_CMYK_POS.pdf> <./F
igures/clustering.jpg>] [2]) (./Thesis_Dedication.tex [3

] [4

])
(./Thesis_Acknowledgements.tex
LaTeX Font Info:    Font shape `OT1/phv/bx/n' in size <14.4> not available
(Font)              Font shape `OT1/phv/b/n' tried instead on input line 11.
 [5] [6

]) (./Thesis_Resumo.tex
LaTeX Font Info:    Font shape `OT1/phv/bx/n' in size <10> not available
(Font)              Font shape `OT1/phv/b/n' tried instead on input line 20.
 [7] [8

])
(./Thesis_Abstract.tex [9] [10

])
LaTeX Font Info:    Font shape `OT1/phv/bx/n' in size <24.88> not available
(Font)              Font shape `OT1/phv/b/n' tried instead on input line 105.
 (./Thesis.toc [11

])
\tf@toc=\write7
\openout7 = `Thesis.toc'.

 [12] (./Thesis.lot)
\tf@lot=\write8
\openout8 = `Thesis.lot'.


[13


] [14

] (./Thesis.lof)
\tf@lof=\write9
\openout9 = `Thesis.lof'.

 [15

] [16

] (./Thesis_Glossary.tex) (./Thesis.gls
Underfull \hbox (badness 10000) in paragraph at lines 43--46
[]|\OT1/phv/m/n/10 Single-Linkage Hi-er-ar-chi-cal Ag-glom-er-a-tion
 []

) [17

] [18

] (./introduction.tex
Chapter 1.
LaTeX Font Info:    Font shape `OT1/phv/bx/n' in size <20.74> not available
(Font)              Font shape `OT1/phv/b/n' tried instead on input line 1.
LaTeX Font Info:    Font shape `OT1/phv/m/it' in size <10> not available
(Font)              Font shape `OT1/phv/m/sl' tried instead on input line 12.
Package epstopdf Info: Source file: </home/chiroptera/workspace/thesis_writing/
rsc/introduction/img/cluster_example_raw.eps>
(epstopdf)                    date: 2015-06-21 15:59:45
(epstopdf)                    size: 24318 bytes
(epstopdf)             Output file: </home/chiroptera/workspace/thesis_writing/
rsc/introduction/img/cluster_example_raw-eps-converted-to.pdf>
(epstopdf)                    date: 2015-06-27 11:56:15
(epstopdf)                    size: 40559 bytes
(epstopdf)             Command: <epstopdf --outfile=/home/chiroptera/workspace/
thesis_writing/rsc/introduction/img/cluster_example_raw-eps-converted-to.pdf /h
ome/chiroptera/workspace/thesis_writing/rsc/introduction/img/cluster_example_ra
w.eps>
(epstopdf)             \includegraphics on input line 32.
Package epstopdf Info: Output file is already uptodate.

</home/chiroptera/workspace/thesis_writing/rsc/introduction/img/cluster_example
_raw-eps-converted-to.pdf, id=380, 392.46625pt x 284.06125pt>
File: /home/chiroptera/workspace/thesis_writing/rsc/introduction/img/cluster_ex
ample_raw-eps-converted-to.pdf Graphic file (type pdf)

<use /home/chiroptera/workspace/thesis_writing/rsc/introduction/img/cluster_exa
mple_raw-eps-converted-to.pdf>
Package pdftex.def Info: /home/chiroptera/workspace/thesis_writing/rsc/introduc
tion/img/cluster_example_raw-eps-converted-to.pdf used on input line 32.
(pdftex.def)             Requested size: 196.23264pt x 142.03026pt.
Package epstopdf Info: Source file: </home/chiroptera/workspace/thesis_writing/
rsc/introduction/img/cluster_example_natural.eps>
(epstopdf)                    date: 2015-06-21 15:59:57
(epstopdf)                    size: 27085 bytes
(epstopdf)             Output file: </home/chiroptera/workspace/thesis_writing/
rsc/introduction/img/cluster_example_natural-eps-converted-to.pdf>
(epstopdf)                    date: 2015-06-27 11:56:15
(epstopdf)                    size: 40672 bytes
(epstopdf)             Command: <epstopdf --outfile=/home/chiroptera/workspace/
thesis_writing/rsc/introduction/img/cluster_example_natural-eps-converted-to.pd
f /home/chiroptera/workspace/thesis_writing/rsc/introduction/img/cluster_exampl
e_natural.eps>
(epstopdf)             \includegraphics on input line 39.
Package epstopdf Info: Output file is already uptodate.

</home/chiroptera/workspace/thesis_writing/rsc/introduction/img/cluster_example
_natural-eps-converted-to.pdf, id=381, 392.46625pt x 284.06125pt>
File: /home/chiroptera/workspace/thesis_writing/rsc/introduction/img/cluster_ex
ample_natural-eps-converted-to.pdf Graphic file (type pdf)

<use /home/chiroptera/workspace/thesis_writing/rsc/introduction/img/cluster_exa
mple_natural-eps-converted-to.pdf>
Package pdftex.def Info: /home/chiroptera/workspace/thesis_writing/rsc/introduc
tion/img/cluster_example_natural-eps-converted-to.pdf used on input line 39.
(pdftex.def)             Requested size: 196.23264pt x 142.03026pt.
Package epstopdf Info: Source file: </home/chiroptera/workspace/thesis_writing/
rsc/introduction/img/cluster_example_kmeans.eps>
(epstopdf)                    date: 2015-06-21 17:52:01
(epstopdf)                    size: 26919 bytes
(epstopdf)             Output file: </home/chiroptera/workspace/thesis_writing/
rsc/introduction/img/cluster_example_kmeans-eps-converted-to.pdf>
(epstopdf)                    date: 2015-06-27 11:56:16
(epstopdf)                    size: 41102 bytes
(epstopdf)             Command: <epstopdf --outfile=/home/chiroptera/workspace/
thesis_writing/rsc/introduction/img/cluster_example_kmeans-eps-converted-to.pdf
 /home/chiroptera/workspace/thesis_writing/rsc/introduction/img/cluster_example
_kmeans.eps>
(epstopdf)             \includegraphics on input line 46.
Package epstopdf Info: Output file is already uptodate.

</home/chiroptera/workspace/thesis_writing/rsc/introduction/img/cluster_example
_kmeans-eps-converted-to.pdf, id=382, 392.46625pt x 284.06125pt>
File: /home/chiroptera/workspace/thesis_writing/rsc/introduction/img/cluster_ex
ample_kmeans-eps-converted-to.pdf Graphic file (type pdf)

<use /home/chiroptera/workspace/thesis_writing/rsc/introduction/img/cluster_exa
mple_kmeans-eps-converted-to.pdf>
Package pdftex.def Info: /home/chiroptera/workspace/thesis_writing/rsc/introduc
tion/img/cluster_example_kmeans-eps-converted-to.pdf used on input line 46.
(pdftex.def)             Requested size: 196.23264pt x 142.03026pt.
LaTeX Font Info:    Try loading font information for OMS+phv on input line 98.

(/usr/share/texlive/texmf-dist/tex/latex/psnfss/omsphv.fd
File: omsphv.fd 
)
LaTeX Font Info:    Font shape `OMS/phv/m/n' in size <10> not available
(Font)              Font shape `OMS/cmsy/m/n' tried instead on input line 98.
 [1

] [2 </home/chiroptera/workspace/thesis_writing/rsc/introduction/img/cluster_ex
ample_raw-eps-converted-to.pdf> </home/chiroptera/workspace/thesis_writing/rsc/
introduction/img/cluster_example_natural-eps-converted-to.pdf> </home/chiropter
a/workspace/thesis_writing/rsc/introduction/img/cluster_example_kmeans-eps-conv
erted-to.pdf>]
[3]

LaTeX Warning: Reference `chapter:results' on page 4 undefined on input line 19
3.

[4]) (./state_of_art.tex [5]
Chapter 2.
[6

]
LaTeX Font Info:    Font shape `OT1/phv/bx/n' in size <12> not available
(Font)              Font shape `OT1/phv/b/n' tried instead on input line 42.
 [7] [8] [9] [10] [11]

Package natbib Warning: Citation `Lourenco2009' on page 12 undefined on input l
ine 264.

[12]
Overfull \hbox (6.18446pt too wide) in paragraph at lines 283--284
\OT1/phv/m/n/10 The sec-ond ap-proach, pre-sented in [][]Louren[]o et al.[][] [
[][]2010[][]], ex-ploits the sparse na-ture of the co-association
 []

[13] [14]
Underfull \vbox (badness 3439) has occurred while \output is active []

 [15]
[16]

Package natbib Warning: Citation `wang2011design' on page 17 undefined on input
 line 428.

Package epstopdf Info: Source file: </home/chiroptera/workspace/thesis_writing/
rsc/stateofart/csr_format.eps>
(epstopdf)                    date: 2015-07-07 17:22:01
(epstopdf)                    size: 19228 bytes
(epstopdf)             Output file: </home/chiroptera/workspace/thesis_writing/
rsc/stateofart/csr_format-eps-converted-to.pdf>
(epstopdf)                    date: 2015-07-07 17:25:12
(epstopdf)                    size: 5970 bytes
(epstopdf)             Command: <epstopdf --outfile=/home/chiroptera/workspace/
thesis_writing/rsc/stateofart/csr_format-eps-converted-to.pdf /home/chiroptera/
workspace/thesis_writing/rsc/stateofart/csr_format.eps>
(epstopdf)             \includegraphics on input line 437.
Package epstopdf Info: Output file is already uptodate.

</home/chiroptera/workspace/thesis_writing/rsc/stateofart/csr_format-eps-conver
ted-to.pdf, id=718, 709.65125pt x 321.2pt>
File: /home/chiroptera/workspace/thesis_writing/rsc/stateofart/csr_format-eps-c
onverted-to.pdf Graphic file (type pdf)

<use /home/chiroptera/workspace/thesis_writing/rsc/stateofart/csr_format-eps-co
nverted-to.pdf>
Package pdftex.def Info: /home/chiroptera/workspace/thesis_writing/rsc/stateofa
rt/csr_format-eps-converted-to.pdf used on input line 437.
(pdftex.def)             Requested size: 354.82475pt x 160.59961pt.
 [17] [18 </home/chiroptera/workspace/thesis_writing/rsc/stateofart/csr_format-
eps-converted-to.pdf>]) (./methodology.tex [19]
Chapter 3.
[20

] [21] [22]
</home/chiroptera/workspace/thesis_writing/rsc/methodology/eac_csr_first_part.p
ng, id=769, 895.345pt x 445.665pt>
File: /home/chiroptera/workspace/thesis_writing/rsc/methodology/eac_csr_first_p
art.png Graphic file (type png)

<use /home/chiroptera/workspace/thesis_writing/rsc/methodology/eac_csr_first_pa
rt.png>
Package pdftex.def Info: /home/chiroptera/workspace/thesis_writing/rsc/methodol
ogy/eac_csr_first_part.png used on input line 113.
(pdftex.def)             Requested size: 455.24411pt x 226.60611pt.
Package hyperref Info: bookmark level for unknown algorithm defaults to 0 on in
put line 125.
 [23] [24 </home/chiroptera/workspace/thesis_writing/rsc/methodology/eac_csr_fi
rst_part.png>]
</home/chiroptera/workspace/thesis_writing/rsc/methodology/sorted_insert.png, i
d=783, 930.47626pt x 557.08125pt>
File: /home/chiroptera/workspace/thesis_writing/rsc/methodology/sorted_insert.p
ng Graphic file (type png)

<use /home/chiroptera/workspace/thesis_writing/rsc/methodology/sorted_insert.pn
g>
Package pdftex.def Info: /home/chiroptera/workspace/thesis_writing/rsc/methodol
ogy/sorted_insert.png used on input line 168.
(pdftex.def)             Requested size: 455.24411pt x 272.55568pt.

Overfull \hbox (29.60349pt too wide) in paragraph at lines 178--179
[]\OT1/phv/b/n/10 pro-ce-dure \OT1/phv/m/sc/10 sort[]indices\OT1/phv/m/n/10 ($\
OML/cmm/m/it/10 indices; data; indptr; degree; n; new[]assocs[]ptr; new[]assocs
[]ids; new[]assocs[]idx$\OT1/phv/m/n/10 ) 
 []

[25 </home/chiroptera/workspace/thesis_writing/rsc/methodology/sorted_insert.pn
g>]
Overfull \hbox (7.00346pt too wide) in paragraph at lines 226--239
 [][] 
 []

Package epstopdf Info: Source file: </home/chiroptera/workspace/thesis_writing/
rsc/methodology/eac_csr_cond_full_degree_100k.eps>
(epstopdf)                    date: 2015-08-15 17:21:01
(epstopdf)                    size: 8607104 bytes
(epstopdf)             Output file: </home/chiroptera/workspace/thesis_writing/
rsc/methodology/eac_csr_cond_full_degree_100k-eps-converted-to.pdf>
(epstopdf)                    date: 2015-08-15 17:24:20
(epstopdf)                    size: 2241728 bytes
(epstopdf)             Command: <epstopdf --outfile=/home/chiroptera/workspace/
thesis_writing/rsc/methodology/eac_csr_cond_full_degree_100k-eps-converted-to.p
df /home/chiroptera/workspace/thesis_writing/rsc/methodology/eac_csr_cond_full_
degree_100k.eps>
(epstopdf)             \includegraphics on input line 244.
Package epstopdf Info: Output file is already uptodate.

</home/chiroptera/workspace/thesis_writing/rsc/methodology/eac_csr_cond_full_de
gree_100k-eps-converted-to.pdf, id=792, 967.615pt x 396.48125pt>
File: /home/chiroptera/workspace/thesis_writing/rsc/methodology/eac_csr_cond_fu
ll_degree_100k-eps-converted-to.pdf Graphic file (type pdf)

<use /home/chiroptera/workspace/thesis_writing/rsc/methodology/eac_csr_cond_ful
l_degree_100k-eps-converted-to.pdf>
Package pdftex.def Info: /home/chiroptera/workspace/thesis_writing/rsc/methodol
ogy/eac_csr_cond_full_degree_100k-eps-converted-to.pdf used on input line 244.
(pdftex.def)             Requested size: 435.42273pt x 178.4149pt.
 [26] [27 </home/chiroptera/workspace/thesis_writing/rsc/methodology/eac_csr_co
nd_full_degree_100k-eps-converted-to.pdf>]
[28]
Package epstopdf Info: Source file: </home/chiroptera/workspace/thesis_writing/
rsc/methodology/connected_components_boruvka_flow.eps>
(epstopdf)                    date: 2015-06-26 17:52:58
(epstopdf)                    size: 19969 bytes
(epstopdf)             Output file: </home/chiroptera/workspace/thesis_writing/
rsc/methodology/connected_components_boruvka_flow-eps-converted-to.pdf>
(epstopdf)                    date: 2015-06-27 15:45:00
(epstopdf)                    size: 7515 bytes
(epstopdf)             Command: <epstopdf --outfile=/home/chiroptera/workspace/
thesis_writing/rsc/methodology/connected_components_boruvka_flow-eps-converted-
to.pdf /home/chiroptera/workspace/thesis_writing/rsc/methodology/connected_comp
onents_boruvka_flow.eps>
(epstopdf)             \includegraphics on input line 322.
Package epstopdf Info: Output file is already uptodate.

</home/chiroptera/workspace/thesis_writing/rsc/methodology/connected_components
_boruvka_flow-eps-converted-to.pdf, id=847, 748.7975pt x 1337.99875pt>
File: /home/chiroptera/workspace/thesis_writing/rsc/methodology/connected_compo
nents_boruvka_flow-eps-converted-to.pdf Graphic file (type pdf)

<use /home/chiroptera/workspace/thesis_writing/rsc/methodology/connected_compon
ents_boruvka_flow-eps-converted-to.pdf>
Package pdftex.def Info: /home/chiroptera/workspace/thesis_writing/rsc/methodol
ogy/connected_components_boruvka_flow-eps-converted-to.pdf used on input line 3
22.
(pdftex.def)             Requested size: 374.39783pt x 668.99774pt.
)
Underfull \vbox (badness 10000) has occurred while \output is active []

 [29]
[30 </home/chiroptera/workspace/thesis_writing/rsc/methodology/connected_compon
ents_boruvka_flow-eps-converted-to.pdf>] [31]
Chapter 4.
(./conclusions.tex [32

]
Chapter 5.
[33

] [34]) (./Thesis.bbl
Underfull \hbox (badness 10000) in paragraph at lines 40--46
\OT1/cmtt/m/n/10 p158-[]casper . pdf ? ip = 193 . 136 . 132 . 10 & id = 2401639
 & acc = ACTIVESERVICE & key = 2E5699D25B4FE09E .
 []


Underfull \hbox (badness 10000) in paragraph at lines 40--46
\OT1/cmtt/m/n/10 F7A57B2C5B227641 . 4D4702B0C3E38B35 . 4D4702B0C3E38B35 & CFID 
= 476955365 & CFTOKEN = 55494231 &
 []


Underfull \hbox (badness 1975) in paragraph at lines 48--56
\OT1/phv/m/n/10 age.  \OT1/phv/m/sl/10 Pro-ceed-ings of the 21st in-ter-na-tion
al sym-po-sium on High-Performance Par-al-lel and
 []


Underfull \hbox (badness 1655) in paragraph at lines 48--56
\OT1/phv/m/sl/10 Dis-tributed Com-put-ing (HPDC'12)\OT1/phv/m/n/10 , pages 199-
-210, 2012.  doi: $10 . 1145 / 2287076 . 2287109$.
 []


Underfull \hbox (badness 10000) in paragraph at lines 48--56
\OT1/phv/m/n/10 URL [][]$\OT1/cmtt/m/n/10 http : / / dl . acm . org / citation 
. cfm ? doid = 2287076 . 2287109$ \ delimiter"026E30F$nhttp :
 []

[35



] [36]
Underfull \hbox (badness 1178) in paragraph at lines 257--265
[]\OT1/phv/m/n/10 J. Xiao, Y. Yan, J. Zhang, and Y. Tang.  A quantum-inspired g
e-netic al-go-rithm for k-means
 []


Underfull \hbox (badness 3965) in paragraph at lines 257--265
\OT1/phv/m/n/10 clus-ter-ing.  \OT1/phv/m/sl/10 Ex-pert Sys-tems with Ap-pli-ca
-tions\OT1/phv/m/n/10 , 37:4966--4973, 2010.  ISSN 09574174.
 []


Underfull \hbox (badness 3930) in paragraph at lines 257--265
\OT1/phv/m/n/10 doi: $10 . 1016 / j . eswa . 2009 . 12 . 017$.  URL [][]$\OT1/c
mtt/m/n/10 http : / / ac . els-[]cdn . com / S095741740901063X / 1-[]s2 .
 []


Underfull \hbox (badness 10000) in paragraph at lines 257--265
\OT1/cmtt/m/n/10 0-[]S095741740901063X-[]main . pdf ? _tid = f303a76c-[]ac71-[]
11e4-[]be73-[]00000aacb35e & acdnat =
 []

[37]) [38] (./Thesis_Appendix.tex
Appendix A.
[39


] [40

])

Package natbib Warning: There were undefined citations.

Package atveryend Info: Empty hook `BeforeClearDocument' on input line 235.
Package atveryend Info: Empty hook `AfterLastShipout' on input line 235.
(./Thesis.aux)
Package atveryend Info: Executing hook `AtVeryEndDocument' on input line 235.
Package atveryend Info: Executing hook `AtEndAfterFileList' on input line 235.
Package rerunfilecheck Info: File `Thesis.out' has not changed.
(rerunfilecheck)             Checksum: 4A8C48B8A5DB1BBC3CC2F5786A1AD262;3495.


LaTeX Warning: There were undefined references.

Package atveryend Info: Empty hook `AtVeryVeryEnd' on input line 235.
 ) 
Here is how much of TeX's memory you used:
 9415 strings out of 495004
 135800 string characters out of 6180663
 239949 words of memory out of 5000000
 12144 multiletter control sequences out of 15000+600000
 41985 words of font info for 77 fonts, out of 8000000 for 9000
 16 hyphenation exceptions out of 8191
 44i,13n,28p,1014b,505s stack positions out of 5000i,500n,10000p,200000b,80000s
{/usr/share/texlive/texmf-dist/fonts/enc/dvips/base/8r.enc}</usr/share/texliv
e/texmf-dist/fonts/type1/public/amsfonts/cm/cmbx10.pfb></usr/share/texlive/texm
f-dist/fonts/type1/public/amsfonts/cm/cmbx5.pfb></usr/share/texlive/texmf-dist/
fonts/type1/public/amsfonts/cm/cmex10.pfb></usr/share/texlive/texmf-dist/fonts/
type1/public/amsfonts/cm/cmmi10.pfb></usr/share/texlive/texmf-dist/fonts/type1/
public/amsfonts/cm/cmmi5.pfb></usr/share/texlive/texmf-dist/fonts/type1/public/
amsfonts/cm/cmmi7.pfb></usr/share/texlive/texmf-dist/fonts/type1/public/amsfont
s/cm/cmr10.pfb></usr/share/texlive/texmf-dist/fonts/type1/public/amsfonts/cm/cm
r5.pfb></usr/share/texlive/texmf-dist/fonts/type1/public/amsfonts/cm/cmr7.pfb><
/usr/share/texlive/texmf-dist/fonts/type1/public/amsfonts/cm/cmsy10.pfb></usr/s
hare/texlive/texmf-dist/fonts/type1/public/amsfonts/cm/cmsy5.pfb></usr/share/te
xlive/texmf-dist/fonts/type1/public/amsfonts/cm/cmsy7.pfb></usr/share/texlive/t
exmf-dist/fonts/type1/public/amsfonts/cm/cmtt10.pfb></usr/share/texlive/texmf-d
ist/fonts/type1/public/amsfonts/symbols/msbm10.pfb></usr/share/texlive/texmf-di
st/fonts/type1/urw/helvetic/uhvb8a.pfb></usr/share/texlive/texmf-dist/fonts/typ
e1/urw/helvetic/uhvr8a.pfb></usr/share/texlive/texmf-dist/fonts/type1/urw/helve
tic/uhvro8a.pfb>
Output written on Thesis.pdf (58 pages, 2868552 bytes).
PDF statistics:
 1034 PDF objects out of 1200 (max. 8388607)
 824 compressed objects within 9 object streams
 207 named destinations out of 1000 (max. 500000)
 443 words of extra memory for PDF output out of 10000 (max. 10000000)

