\BOOKMARK [1][-]{section*.1}{Acknowledgments}{}% 1
\BOOKMARK [1][-]{section*.2}{Resumo}{}% 2
\BOOKMARK [1][-]{section*.3}{Abstract}{}% 3
\BOOKMARK [1][-]{chapter*.5}{List of Tables}{}% 4
\BOOKMARK [1][-]{chapter*.6}{List of Figures}{}% 5
\BOOKMARK [1][-]{table.0.1}{Glossary}{}% 6
\BOOKMARK [0][-]{chapter.1}{1 Introduction}{}% 7
\BOOKMARK [1][-]{section.1.1}{1.1 Challenges and Motivation}{chapter.1}% 8
\BOOKMARK [1][-]{section.1.2}{1.2 Goals}{chapter.1}% 9
\BOOKMARK [1][-]{section.1.3}{1.3 Contributions}{chapter.1}% 10
\BOOKMARK [1][-]{section.1.4}{1.4 Outline}{chapter.1}% 11
\BOOKMARK [0][-]{chapter.2}{2 Clustering: basic concepts, definitions and algorithms}{}% 12
\BOOKMARK [1][-]{section.2.1}{2.1 The problem of clustering}{chapter.2}% 13
\BOOKMARK [1][-]{section.2.2}{2.2 Definitions and Notation}{chapter.2}% 14
\BOOKMARK [1][-]{section.2.3}{2.3 Characteristics of clustering techniques}{chapter.2}% 15
\BOOKMARK [1][-]{section.2.4}{2.4 K-Means}{chapter.2}% 16
\BOOKMARK [1][-]{section.2.5}{2.5 Single-Link}{chapter.2}% 17
\BOOKMARK [1][-]{section.2.6}{2.6 Ensemble Clustering}{chapter.2}% 18
\BOOKMARK [1][-]{section.2.7}{2.7 Evidence Accumulation Clustering}{chapter.2}% 19
\BOOKMARK [2][-]{subsection.2.7.1}{2.7.1 Overview}{section.2.7}% 20
\BOOKMARK [0][-]{chapter.3}{3 State of the art}{}% 21
\BOOKMARK [1][-]{section.3.1}{3.1 Scalability of EAC}{chapter.3}% 22
\BOOKMARK [2][-]{subsection.3.1.1}{3.1.1 p neighbors approach}{section.3.1}% 23
\BOOKMARK [2][-]{subsection.3.1.2}{3.1.2 Increased sparsity approach}{section.3.1}% 24
\BOOKMARK [1][-]{section.3.2}{3.2 Clustering with large datasets}{chapter.3}% 25
\BOOKMARK [2][-]{subsection.3.2.1}{3.2.1 Parallel K-Means}{section.3.2}% 26
\BOOKMARK [2][-]{subsection.3.2.2}{3.2.2 Parallel Single-Link Clustering}{section.3.2}% 27
\BOOKMARK [1][-]{section.3.3}{3.3 Quantum clustering}{chapter.3}% 28
\BOOKMARK [2][-]{subsection.3.3.1}{3.3.1 The quantum bit approach}{section.3.3}% 29
\BOOKMARK [2][-]{subsection.3.3.2}{3.3.2 Schr\366dinger's equation approach}{section.3.3}% 30
\BOOKMARK [0][-]{chapter.4}{4 EAC for large datasets: proposed solutions}{}% 31
\BOOKMARK [1][-]{section.4.1}{4.1 Quantum Clustering}{chapter.4}% 32
\BOOKMARK [1][-]{section.4.2}{4.2 Speeding up Ensemble Generation with Parallel K-Means}{chapter.4}% 33
\BOOKMARK [2][-]{subsection.4.2.1}{4.2.1 Maximum potential speed-up}{section.4.2}% 34
\BOOKMARK [2][-]{subsection.4.2.2}{4.2.2 Implementation details}{section.4.2}% 35
\BOOKMARK [1][-]{section.4.3}{4.3 Dealing with the space complexity of the co-association matrix}{chapter.4}% 36
\BOOKMARK [1][-]{section.4.4}{4.4 Building the sparse matrix}{chapter.4}% 37
\BOOKMARK [2][-]{subsection.4.4.1}{4.4.1 EAC CSR}{section.4.4}% 38
\BOOKMARK [2][-]{subsection.4.4.2}{4.4.2 EAC CSR Condensed}{section.4.4}% 39
\BOOKMARK [1][-]{section.4.5}{4.5 Final partition recovery}{chapter.4}% 40
\BOOKMARK [2][-]{subsection.4.5.1}{4.5.1 Single-Link and GPGPU}{section.4.5}% 41
\BOOKMARK [2][-]{subsection.4.5.2}{4.5.2 Single-Link and external memory algorithms}{section.4.5}% 42
\BOOKMARK [1][-]{section.4.6}{4.6 Overview of the developed work}{chapter.4}% 43
\BOOKMARK [1][-]{section.4.7}{4.7 Guidelines for using the different solutions}{chapter.4}% 44
\BOOKMARK [0][-]{chapter.5}{5 Results and Discussion}{}% 45
\BOOKMARK [1][-]{section.5.1}{5.1 Experimental environment}{chapter.5}% 46
\BOOKMARK [1][-]{section.5.2}{5.2 Quantum Clustering}{chapter.5}% 47
\BOOKMARK [2][-]{subsection.5.2.1}{5.2.1 Quantum K-Means}{section.5.2}% 48
\BOOKMARK [2][-]{subsection.5.2.2}{5.2.2 Horn and Gottlieb's algorithm}{section.5.2}% 49
\BOOKMARK [1][-]{section.5.3}{5.3 Parallel K-Means}{chapter.5}% 50
\BOOKMARK [2][-]{subsection.5.3.1}{5.3.1 Analysis of speed-up}{section.5.3}% 51
\BOOKMARK [2][-]{subsection.5.3.2}{5.3.2 Effective bandwidth and computational throughput}{section.5.3}% 52
\BOOKMARK [2][-]{subsection.5.3.3}{5.3.3 Influence of the number of points per thread}{section.5.3}% 53
\BOOKMARK [1][-]{section.5.4}{5.4 Building the co-association matrix with different sparse formats}{chapter.5}% 54
\BOOKMARK [1][-]{section.5.5}{5.5 GPU MST}{chapter.5}% 55
\BOOKMARK [1][-]{section.5.6}{5.6 EAC Validation}{chapter.5}% 56
\BOOKMARK [1][-]{section.5.7}{5.7 EAC}{chapter.5}% 57
\BOOKMARK [2][-]{subsection.5.7.1}{5.7.1 Performance of production and combination phases}{section.5.7}% 58
\BOOKMARK [2][-]{subsection.5.7.2}{5.7.2 Performance comparison between SLINK, SL-MST and SL-MST-Disk}{section.5.7}% 59
\BOOKMARK [2][-]{subsection.5.7.3}{5.7.3 Performance of all phases combined}{section.5.7}% 60
\BOOKMARK [2][-]{subsection.5.7.4}{5.7.4 Analysis of the number of associations}{section.5.7}% 61
\BOOKMARK [2][-]{subsection.5.7.5}{5.7.5 Space complexity}{section.5.7}% 62
\BOOKMARK [2][-]{subsection.5.7.6}{5.7.6 Accuracy}{section.5.7}% 63
\BOOKMARK [1][-]{section.5.8}{5.8 Performance on real world datasets}{chapter.5}% 64
\BOOKMARK [0][-]{chapter.6}{6 Conclusions}{}% 65
\BOOKMARK [1][-]{section.6.1}{6.1 Achievements}{chapter.6}% 66
\BOOKMARK [1][-]{section.6.2}{6.2 Future Work}{chapter.6}% 67
